#
# A fatal error has been detected by the Java Runtime Environment:
#
#  Internal Error (classFileParser.cpp:3494), pid=1104, tid=140282292987648
#  Error: ShouldNotReachHere()
#
# JRE version: 6.0_24-b24
# Java VM: OpenJDK 64-Bit Server VM (20.0-b12 mixed mode linux-amd64 compressed oops)
# Derivative: IcedTea6 1.11.5
# Distribution: Ubuntu 12.04 LTS, package 6b24-1.11.5-0ubuntu1~12.04.1
# If you would like to submit a bug report, please include
# instructions how to reproduce the bug and visit:
#   https://bugs.launchpad.net/ubuntu/+source/openjdk-6/
#

---------------  T H R E A D  ---------------

Current thread (0x00007f95fc007800):  JavaThread "Unknown thread" [_thread_in_vm, id=1105, stack(0x00007f96042de000,0x00007f96043df000)]

Stack: [0x00007f96042de000,0x00007f96043df000],  sp=0x00007f96043dd080,  free space=1020k
Native frames: (J=compiled Java code, j=interpreted, Vv=VM code, C=native code)
V  [libjvm.so+0x7846a5]  VMError::report(outputStream*)+0x1255
V  [libjvm.so+0x784929]  VMError::report_and_die()+0x169
V  [libjvm.so+0x3bb5ea]  report_vm_error(char const*, int, char const*, char const*)+0x4a
V  [libjvm.so+0x351985]  ClassFileParser::parseClassFile(symbolHandle, Handle, Handle, KlassHandle, GrowableArray<Handle>*, symbolHandle&, bool, Thread*)+0x1545
V  [libjvm.so+0x355be3]  ClassLoader::load_classfile(symbolHandle, Thread*)+0x1f3
V  [libjvm.so+0x71c854]  SystemDictionary::load_instance_class(symbolHandle, Handle, Thread*)+0x354
V  [libjvm.so+0x71af60]  SystemDictionary::resolve_instance_class_or_null(symbolHandle, Handle, Handle, Thread*)+0x7c0
V  [libjvm.so+0x71cee3]  SystemDictionary::resolve_or_fail(symbolHandle, Handle, Handle, bool, Thread*)+0x33
V  [libjvm.so+0x71cfc4]  SystemDictionary::resolve_or_fail(symbolHandle, bool, Thread*)+0x14
V  [libjvm.so+0x71d070]  SystemDictionary::initialize_wk_klass(SystemDictionary::WKID, int, Thread*)+0xa0
V  [libjvm.so+0x71d0d9]  SystemDictionary::initialize_wk_klasses_until(SystemDictionary::WKID, SystemDictionary::WKID&, Thread*)+0x59
V  [libjvm.so+0x71d1d1]  SystemDictionary::initialize_preloaded_classes(Thread*)+0x71
V  [libjvm.so+0x760a5f]  Universe::genesis(Thread*)+0x11f
V  [libjvm.so+0x76140f]  universe2_init()+0x1f
V  [libjvm.so+0x474675]  init_globals()+0x95
V  [libjvm.so+0x74b38a]  Threads::create_vm(JavaVMInitArgs*, bool*)+0x1ea
V  [libjvm.so+0x4ce4d1]  JNI_CreateJavaVM+0x61
C  [java+0x317e]  JavaMain+0x7e


---------------  P R O C E S S  ---------------

Java Threads: ( => current thread )

Other Threads:

=>0x00007f95fc007800 (exited) JavaThread "Unknown thread" [_thread_in_vm, id=1105, stack(0x00007f96042de000,0x00007f96043df000)]

VM state:not at safepoint (not fully initialized)

VM Mutex/Monitor currently owned by a thread: None

Dynamic libraries:
00400000-00409000 r-xp 00000000 08:05 15074876                           /usr/lib/jvm/java-6-openjdk-amd64/jre/bin/java
00608000-00609000 r--p 00008000 08:05 15074876                           /usr/lib/jvm/java-6-openjdk-amd64/jre/bin/java
00609000-0060a000 rw-p 00009000 08:05 15074876                           /usr/lib/jvm/java-6-openjdk-amd64/jre/bin/java
02133000-02154000 rw-p 00000000 00:00 0                                  [heap]
77a400000-77b8c0000 rw-p 00000000 00:00 0 
77b8c0000-784a00000 rw-p 00000000 00:00 0 
784a00000-789c40000 rw-p 00000000 00:00 0 
789c40000-7d6e00000 rw-p 00000000 00:00 0 
7d6e00000-7d9720000 rw-p 00000000 00:00 0 
7d9720000-800000000 rw-p 00000000 00:00 0 
7f95dc000000-7f95dc021000 rw-p 00000000 00:00 0 
7f95dc021000-7f95e0000000 ---p 00000000 00:00 0 
7f95e4000000-7f95e4021000 rw-p 00000000 00:00 0 
7f95e4021000-7f95e8000000 ---p 00000000 00:00 0 
7f95ec000000-7f95ec021000 rw-p 00000000 00:00 0 
7f95ec021000-7f95f0000000 ---p 00000000 00:00 0 
7f95f4000000-7f95f4021000 rw-p 00000000 00:00 0 
7f95f4021000-7f95f8000000 ---p 00000000 00:00 0 
7f95f9000000-7f95f9270000 rwxp 00000000 00:00 0 
7f95f9270000-7f95fc07f000 rw-p 00000000 00:00 0 
7f95fc07f000-7f9600000000 ---p 00000000 00:00 0 
7f960057c000-7f9600641000 r--s 0115c000 08:05 7088691                    /opt/android-sdk-linux/platforms/android-17/android.jar
7f9600641000-7f9600669000 rw-p 00000000 00:00 0 
7f9600669000-7f960066a000 ---p 00000000 00:00 0 
7f960066a000-7f960076a000 rw-p 00000000 00:00 0 
7f960076a000-7f960076b000 ---p 00000000 00:00 0 
7f960076b000-7f960086b000 rw-p 00000000 00:00 0 
7f960086b000-7f960086c000 ---p 00000000 00:00 0 
7f960086c000-7f960096c000 rw-p 00000000 00:00 0 
7f960096c000-7f960096d000 ---p 00000000 00:00 0 
7f960096d000-7f9600a78000 rw-p 00000000 00:00 0 
7f9600a78000-7f9600ac0000 rw-p 00000000 00:00 0 
7f9600ac0000-7f9600aea000 rw-p 00000000 00:00 0 
7f9600aea000-7f9600d52000 rw-p 00000000 00:00 0 
7f9600d52000-7f9600d5d000 rw-p 00000000 00:00 0 
7f9600d5d000-7f9600da5000 rw-p 00000000 00:00 0 
7f9600da5000-7f9600dcf000 rw-p 00000000 00:00 0 
7f9600dcf000-7f9601037000 rw-p 00000000 00:00 0 
7f9601037000-7f960104c000 rw-p 00000000 00:00 0 
7f960104c000-7f9601180000 rw-p 00000000 00:00 0 
7f9601180000-7f9601181000 rw-p 00000000 00:00 0 
7f9601181000-7f9601188000 r-xp 00000000 08:05 15074855                   /usr/lib/jvm/java-6-openjdk-amd64/jre/lib/amd64/libzip.so
7f9601188000-7f9601387000 ---p 00007000 08:05 15074855                   /usr/lib/jvm/java-6-openjdk-amd64/jre/lib/amd64/libzip.so
7f9601387000-7f9601388000 r--p 00006000 08:05 15074855                   /usr/lib/jvm/java-6-openjdk-amd64/jre/lib/amd64/libzip.so
7f9601388000-7f9601389000 rw-p 00007000 08:05 15074855                   /usr/lib/jvm/java-6-openjdk-amd64/jre/lib/amd64/libzip.so
7f9601389000-7f9601395000 r-xp 00000000 08:05 4460575                    /lib/x86_64-linux-gnu/libnss_files-2.15.so
7f9601395000-7f9601594000 ---p 0000c000 08:05 4460575                    /lib/x86_64-linux-gnu/libnss_files-2.15.so
7f9601594000-7f9601595000 r--p 0000b000 08:05 4460575                    /lib/x86_64-linux-gnu/libnss_files-2.15.so
7f9601595000-7f9601596000 rw-p 0000c000 08:05 4460575                    /lib/x86_64-linux-gnu/libnss_files-2.15.so
7f9601596000-7f96015a0000 r-xp 00000000 08:05 4460571                    /lib/x86_64-linux-gnu/libnss_nis-2.15.so
7f96015a0000-7f96017a0000 ---p 0000a000 08:05 4460571                    /lib/x86_64-linux-gnu/libnss_nis-2.15.so
7f96017a0000-7f96017a1000 r--p 0000a000 08:05 4460571                    /lib/x86_64-linux-gnu/libnss_nis-2.15.so
7f96017a1000-7f96017a2000 rw-p 0000b000 08:05 4460571                    /lib/x86_64-linux-gnu/libnss_nis-2.15.so
7f96017a2000-7f96017b9000 r-xp 00000000 08:05 4460584                    /lib/x86_64-linux-gnu/libnsl-2.15.so
7f96017b9000-7f96019b8000 ---p 00017000 08:05 4460584                    /lib/x86_64-linux-gnu/libnsl-2.15.so
7f96019b8000-7f96019b9000 r--p 00016000 08:05 4460584                    /lib/x86_64-linux-gnu/libnsl-2.15.so
7f96019b9000-7f96019ba000 rw-p 00017000 08:05 4460584                    /lib/x86_64-linux-gnu/libnsl-2.15.so
7f96019ba000-7f96019bc000 rw-p 00000000 00:00 0 
7f96019bc000-7f96019c4000 r-xp 00000000 08:05 4460576                    /lib/x86_64-linux-gnu/libnss_compat-2.15.so
7f96019c4000-7f9601bc3000 ---p 00008000 08:05 4460576                    /lib/x86_64-linux-gnu/libnss_compat-2.15.so
7f9601bc3000-7f9601bc4000 r--p 00007000 08:05 4460576                    /lib/x86_64-linux-gnu/libnss_compat-2.15.so
7f9601bc4000-7f9601bc5000 rw-p 00008000 08:05 4460576                    /lib/x86_64-linux-gnu/libnss_compat-2.15.so
7f9601bc5000-7f9601bf1000 r-xp 00000000 08:05 15074824                   /usr/lib/jvm/java-6-openjdk-amd64/jre/lib/amd64/libjava.so
7f9601bf1000-7f9601df0000 ---p 0002c000 08:05 15074824                   /usr/lib/jvm/java-6-openjdk-amd64/jre/lib/amd64/libjava.so
7f9601df0000-7f9601df1000 r--p 0002b000 08:05 15074824                   /usr/lib/jvm/java-6-openjdk-amd64/jre/lib/amd64/libjava.so
7f9601df1000-7f9601df4000 rw-p 0002c000 08:05 15074824                   /usr/lib/jvm/java-6-openjdk-amd64/jre/lib/amd64/libjava.so
7f9601df4000-7f9601e02000 r-xp 00000000 08:05 15074846                   /usr/lib/jvm/java-6-openjdk-amd64/jre/lib/amd64/libverify.so
7f9601e02000-7f9602001000 ---p 0000e000 08:05 15074846                   /usr/lib/jvm/java-6-openjdk-amd64/jre/lib/amd64/libverify.so
7f9602001000-7f9602003000 r--p 0000d000 08:05 15074846                   /usr/lib/jvm/java-6-openjdk-amd64/jre/lib/amd64/libverify.so
7f9602003000-7f9602004000 rw-p 0000f000 08:05 15074846                   /usr/lib/jvm/java-6-openjdk-amd64/jre/lib/amd64/libverify.so
7f9602004000-7f960200b000 r-xp 00000000 08:05 4460569                    /lib/x86_64-linux-gnu/librt-2.15.so
7f960200b000-7f960220a000 ---p 00007000 08:05 4460569                    /lib/x86_64-linux-gnu/librt-2.15.so
7f960220a000-7f960220b000 r--p 00006000 08:05 4460569                    /lib/x86_64-linux-gnu/librt-2.15.so
7f960220b000-7f960220c000 rw-p 00007000 08:05 4460569                    /lib/x86_64-linux-gnu/librt-2.15.so
7f960220c000-7f9602221000 r-xp 00000000 08:05 4460124                    /lib/x86_64-linux-gnu/libgcc_s.so.1
7f9602221000-7f9602420000 ---p 00015000 08:05 4460124                    /lib/x86_64-linux-gnu/libgcc_s.so.1
7f9602420000-7f9602421000 r--p 00014000 08:05 4460124                    /lib/x86_64-linux-gnu/libgcc_s.so.1
7f9602421000-7f9602422000 rw-p 00015000 08:05 4460124                    /lib/x86_64-linux-gnu/libgcc_s.so.1
7f9602422000-7f960251d000 r-xp 00000000 08:05 4460573                    /lib/x86_64-linux-gnu/libm-2.15.so
7f960251d000-7f960271c000 ---p 000fb000 08:05 4460573                    /lib/x86_64-linux-gnu/libm-2.15.so
7f960271c000-7f960271d000 r--p 000fa000 08:05 4460573                    /lib/x86_64-linux-gnu/libm-2.15.so
7f960271d000-7f960271e000 rw-p 000fb000 08:05 4460573                    /lib/x86_64-linux-gnu/libm-2.15.so
7f960271e000-7f9602800000 r-xp 00000000 08:05 14950355                   /usr/lib/x86_64-linux-gnu/libstdc++.so.6.0.16
7f9602800000-7f96029ff000 ---p 000e2000 08:05 14950355                   /usr/lib/x86_64-linux-gnu/libstdc++.so.6.0.16
7f96029ff000-7f9602a07000 r--p 000e1000 08:05 14950355                   /usr/lib/x86_64-linux-gnu/libstdc++.so.6.0.16
7f9602a07000-7f9602a09000 rw-p 000e9000 08:05 14950355                   /usr/lib/x86_64-linux-gnu/libstdc++.so.6.0.16
7f9602a09000-7f9602a1e000 rw-p 00000000 00:00 0 
7f9602a1e000-7f9603323000 r-xp 00000000 08:05 15074648                   /usr/lib/jvm/java-6-openjdk-amd64/jre/lib/amd64/server/libjvm.so
7f9603323000-7f9603523000 ---p 00905000 08:05 15074648                   /usr/lib/jvm/java-6-openjdk-amd64/jre/lib/amd64/server/libjvm.so
7f9603523000-7f96035a3000 r--p 00905000 08:05 15074648                   /usr/lib/jvm/java-6-openjdk-amd64/jre/lib/amd64/server/libjvm.so
7f96035a3000-7f96035be000 rw-p 00985000 08:05 15074648                   /usr/lib/jvm/java-6-openjdk-amd64/jre/lib/amd64/server/libjvm.so
7f96035be000-7f96035e7000 rw-p 00000000 00:00 0 
7f96035e7000-7f96035fd000 r-xp 00000000 08:05 4460214                    /lib/x86_64-linux-gnu/libz.so.1.2.3.4
7f96035fd000-7f96037fc000 ---p 00016000 08:05 4460214                    /lib/x86_64-linux-gnu/libz.so.1.2.3.4
7f96037fc000-7f96037fd000 r--p 00015000 08:05 4460214                    /lib/x86_64-linux-gnu/libz.so.1.2.3.4
7f96037fd000-7f96037fe000 rw-p 00016000 08:05 4460214                    /lib/x86_64-linux-gnu/libz.so.1.2.3.4
7f96037fe000-7f96039b3000 r-xp 00000000 08:05 4460565                    /lib/x86_64-linux-gnu/libc-2.15.so
7f96039b3000-7f9603bb2000 ---p 001b5000 08:05 4460565                    /lib/x86_64-linux-gnu/libc-2.15.so
7f9603bb2000-7f9603bb6000 r--p 001b4000 08:05 4460565                    /lib/x86_64-linux-gnu/libc-2.15.so
7f9603bb6000-7f9603bb8000 rw-p 001b8000 08:05 4460565                    /lib/x86_64-linux-gnu/libc-2.15.so
7f9603bb8000-7f9603bbd000 rw-p 00000000 00:00 0 
7f9603bbd000-7f9603bbf000 r-xp 00000000 08:05 4460564                    /lib/x86_64-linux-gnu/libdl-2.15.so
7f9603bbf000-7f9603dbf000 ---p 00002000 08:05 4460564                    /lib/x86_64-linux-gnu/libdl-2.15.so
7f9603dbf000-7f9603dc0000 r--p 00002000 08:05 4460564                    /lib/x86_64-linux-gnu/libdl-2.15.so
7f9603dc0000-7f9603dc1000 rw-p 00003000 08:05 4460564                    /lib/x86_64-linux-gnu/libdl-2.15.so
7f9603dc1000-7f9603dc5000 r-xp 00000000 08:05 15074825                   /usr/lib/jvm/java-6-openjdk-amd64/jre/lib/amd64/jli/libjli.so
7f9603dc5000-7f9603fc4000 ---p 00004000 08:05 15074825                   /usr/lib/jvm/java-6-openjdk-amd64/jre/lib/amd64/jli/libjli.so
7f9603fc4000-7f9603fc5000 r--p 00003000 08:05 15074825                   /usr/lib/jvm/java-6-openjdk-amd64/jre/lib/amd64/jli/libjli.so
7f9603fc5000-7f9603fc6000 rw-p 00004000 08:05 15074825                   /usr/lib/jvm/java-6-openjdk-amd64/jre/lib/amd64/jli/libjli.so
7f9603fc6000-7f9603fde000 r-xp 00000000 08:05 4460567                    /lib/x86_64-linux-gnu/libpthread-2.15.so
7f9603fde000-7f96041dd000 ---p 00018000 08:05 4460567                    /lib/x86_64-linux-gnu/libpthread-2.15.so
7f96041dd000-7f96041de000 r--p 00017000 08:05 4460567                    /lib/x86_64-linux-gnu/libpthread-2.15.so
7f96041de000-7f96041df000 rw-p 00018000 08:05 4460567                    /lib/x86_64-linux-gnu/libpthread-2.15.so
7f96041df000-7f96041e3000 rw-p 00000000 00:00 0 
7f96041e3000-7f9604205000 r-xp 00000000 08:05 4460579                    /lib/x86_64-linux-gnu/ld-2.15.so
7f960421e000-7f9604228000 rw-p 00000000 00:00 0 
7f9604228000-7f96042de000 rw-p 00000000 00:00 0 
7f96042de000-7f96042e1000 ---p 00000000 00:00 0 
7f96042e1000-7f96043e4000 rw-p 00000000 00:00 0 
7f96043f9000-7f9604401000 rw-s 00000000 08:05 14024858                   /tmp/hsperfdata_leo/1104
7f9604401000-7f9604402000 rw-p 00000000 00:00 0 
7f9604402000-7f9604403000 r--p 00000000 00:00 0 
7f9604403000-7f9604405000 rw-p 00000000 00:00 0 
7f9604405000-7f9604406000 r--p 00022000 08:05 4460579                    /lib/x86_64-linux-gnu/ld-2.15.so
7f9604406000-7f9604408000 rw-p 00023000 08:05 4460579                    /lib/x86_64-linux-gnu/ld-2.15.so
7fff5550d000-7fff5552e000 rw-p 00000000 00:00 0                          [stack]
7fff555d9000-7fff555da000 r-xp 00000000 00:00 0                          [vdso]
ffffffffff600000-ffffffffff601000 r-xp 00000000 00:00 0                  [vsyscall]

VM Arguments:
jvm_args: -Dfile.encoding=UTF-8 -Xbootclasspath:/opt/android-sdk-linux/platforms/android-17/android.jar 
java_command: com.chessyoup.ChessYoUpRemoteService
Launcher Type: SUN_STANDARD

Environment Variables:
CLASSPATH=/usr/share/java/zmq.jar:.
PATH=/usr/local/sbin:/usr/local/bin:/usr/sbin:/usr/bin:/sbin:/bin:/usr/games
USERNAME=leo
LD_LIBRARY_PATH=/usr/lib/jvm/java-6-openjdk-amd64/jre/lib/amd64/server:/usr/lib/jvm/java-6-openjdk-amd64/jre/lib/amd64:/usr/lib/jvm/java-6-openjdk-amd64/jre/../lib/amd64
SHELL=/bin/bash
DISPLAY=:0.0

Signal Handlers:
SIGSEGV: [libjvm.so+0x7852e0], sa_mask[0]=0x7ffbfeff, sa_flags=0x10000004
SIGBUS: [libjvm.so+0x7852e0], sa_mask[0]=0x7ffbfeff, sa_flags=0x10000004
SIGFPE: [libjvm.so+0x648d40], sa_mask[0]=0x7ffbfeff, sa_flags=0x10000004
SIGPIPE: [libjvm.so+0x648d40], sa_mask[0]=0x7ffbfeff, sa_flags=0x10000004
SIGXFSZ: [libjvm.so+0x648d40], sa_mask[0]=0x7ffbfeff, sa_flags=0x10000004
SIGILL: [libjvm.so+0x648d40], sa_mask[0]=0x7ffbfeff, sa_flags=0x10000004
SIGUSR1: SIG_DFL, sa_mask[0]=0x00000000, sa_flags=0x00000000
SIGUSR2: [libjvm.so+0x648ef0], sa_mask[0]=0x00000004, sa_flags=0x10000004
SIGHUP: SIG_DFL, sa_mask[0]=0x00000000, sa_flags=0x00000000
SIGINT: SIG_DFL, sa_mask[0]=0x00000000, sa_flags=0x00000000
SIGTERM: SIG_DFL, sa_mask[0]=0x00000000, sa_flags=0x00000000
SIGQUIT: SIG_DFL, sa_mask[0]=0x00000000, sa_flags=0x00000000


---------------  S Y S T E M  ---------------

OS:LinuxMint 13 (maya)
uname:Linux 3.2.0-23-generic #36-Ubuntu SMP Tue Apr 10 20:39:51 UTC 2012 x86_64
libc:glibc 2.15 NPTL 2.15 
rlimit: STACK 8192k, CORE 0k, NPROC 63019, NOFILE 4096, AS infinity
load average:0.45 0.62 0.83

/proc/meminfo:
MemTotal:        8084056 kB
MemFree:         2395104 kB
Buffers:          304788 kB
Cached:          2962160 kB
SwapCached:            0 kB
Active:          3442688 kB
Inactive:        1793824 kB
Active(anon):    1797672 kB
Inactive(anon):   413304 kB
Active(file):    1645016 kB
Inactive(file):  1380520 kB
Unevictable:           0 kB
Mlocked:               0 kB
SwapTotal:       8291324 kB
SwapFree:        8291244 kB
Dirty:               216 kB
Writeback:             0 kB
AnonPages:       1969840 kB
Mapped:           225960 kB
Shmem:            241000 kB
Slab:             297644 kB
SReclaimable:     261596 kB
SUnreclaim:        36048 kB
KernelStack:        3464 kB
PageTables:        31216 kB
NFS_Unstable:          0 kB
Bounce:                0 kB
WritebackTmp:          0 kB
CommitLimit:    12333352 kB
Committed_AS:    3930572 kB
VmallocTotal:   34359738367 kB
VmallocUsed:      372160 kB
VmallocChunk:   34359289172 kB
HardwareCorrupted:     0 kB
AnonHugePages:         0 kB
HugePages_Total:       0
HugePages_Free:        0
HugePages_Rsvd:        0
HugePages_Surp:        0
Hugepagesize:       2048 kB
DirectMap4k:       79872 kB
DirectMap2M:     8224768 kB


CPU:total 4 (4 cores per cpu, 1 threads per core) family 6 model 42 stepping 7, cmov, cx8, fxsr, mmx, sse, sse2, sse3, ssse3, sse4.1, sse4.2, popcnt

Memory: 4k page, physical 8084056k(2395104k free), swap 8291324k(8291244k free)

vm_info: OpenJDK 64-Bit Server VM (20.0-b12) for linux-amd64 JRE (1.6.0_24-b24), built on Oct 24 2012 16:17:28 by "buildd" with gcc 4.6.3

time: Thu Dec 20 17:45:06 2012
elapsed time: 0 seconds

